[10-May-26 19:03:11 - INFO] - anony: Cache directories updated.
[10-May-26 19:03:11 - INFO] - anony: Loaded languages: en, tr, ja, my, ar, fr, pt, hi, de, zh, pa, ru, es
[10-May-26 19:03:12 - INFO] - anony: Database connection successful. (0.34s)
[10-May-26 19:03:12 - INFO] - anony: Database cache loaded.
[10-May-26 19:03:13 - INFO] - anony: PlayChannelDB connected.
[10-May-26 19:03:13 - INFO] - anony: Bot started as @garfilmusicBot
[10-May-26 19:03:13 - INFO] - anony: Assistant 1 started as @IPbete
[10-May-26 19:03:13 - INFO] - anony: PyTgCalls client(s) started.
[10-May-26 19:03:13 - INFO] - anony: Wrapped 0 handlers with error logger.
[10-May-26 19:03:13 - INFO] - anony: Loaded 39 modules.
[10-May-26 19:03:13 - INFO] - anony: Loaded 1 sudo users.
[10-May-26 19:03:13 - INFO] - anony: Smart cleaner removed 0 files.
[ANTIBC] New message from 5973042174 in -1002208118831
[ANTIBC] Disabled
[ANTIBC] New message from 6047844220 in -1002896045673
[ANTIBC] Full text: buset cakep2 amat listener volde
nisa
[ANTIBC] New message from 6330226297 in -1002896045673
[ANTIBC] Full text: rateee ppap akuuu diibiiyohh beb
Thalia Dewi
thaliacxzcased
[ANTIBC] New message from 6528532532 in -1002101188966
[ANTIBC] Full text: udah ya nimb nya, ayug pc aku sayng
Vania Kinara
vanaixzcasdw
[ANTIBC] HARD DETECT => pc aku
[ANTIBC] Deleted => Hard Blacklist: pc aku
[ANTIBC] Warning sent => Hard Blacklist: pc aku
[ANTIBC] New message from 1712371671 in -1002430300514
[ANTIBC] Full text: kiwwwwww kiwwwww
aleyaaaa gi btmut
aleyaaimutbgtt
[ANTIBC] New message from 6898066604 in -1002430300514
[ANTIBC] Full text: gas byoh sayang,pribadi akuh,dijamin pasti puas
khanzaa
khanza221
[ANTIBC] EXTRA DETECT => Extra Score 4
[ANTIBC] New message from 6365374305 in -1002896045673
[ANTIBC] Full text: kitaa mauuu main gaya apa beib?
Alina
Alinazxcasd
[ANTIBC] Deleted => Extra Antispam Detection
[ANTIBC] Warning sent => Extra Antispam Detection
[ANTIBC] New message from 1712371671 in -1002208118831
[ANTIBC] Disabled
[ANTIBC] New message from 5794903233 in -1002896045673
[ANTIBC] Full text: hawooo abg
Monalisa andini
[ANTIBC] New message from 6678488466 in -1002208118831
[ANTIBC] Disabled
[ANTIBC] New message from 5045930075 in -1002430300514
[ANTIBC] Full text: hallow all, temenin dong
Billies
[ANTIBC] EXTRA DETECT => Extra Score 4
[ANTIBC] Deleted => Extra Antispam Detection
[ANTIBC] Warning sent => Extra Antispam Detection
[ANTIBC] New message from 6038321178 in -1002430300514
[ANTIBC] Full text: buset cakep2 amat listener volde
tia
[ANTIBC] New message from 6047844220 in -1002430300514
[ANTIBC] New message from 6731746726 in -1002430300514
[ANTIBC] Full text: buset cakep2 amat listener volde
nisa
[ANTIBC] Full text: buset cakep2 amat listener volde
amel
[ANTIBC] New message from 5615593139 in -1002208118831
[ANTIBC] Disabled
[ANTIBC] New message from 5787411933 in -1002208118831
[ANTIBC] Disabled
[ANTIBC] New message from 6777794651 in -1002430300514
[ANTIBC] New message from 6520054983 in -1002101188966
[ANTIBC] Full text: vip bocil mantap ada di bio syangg
Selvi Yulianti
BUNDARL300513
[ANTIBC] Full text: snii kak , kasih aku rateee diybiyoooh
Wynne
xzcasdxssqw
[ANTIBC] HARD DETECT => bo
[ANTIBC] Deleted => Hard Blacklist: bo
[ANTIBC] HARD DETECT => biyoh
[ANTIBC] Deleted => Hard Blacklist: biyoh
[ANTIBC] Warning sent => Hard Blacklist: bo
[ANTIBC] Warning sent => Hard Blacklist: biyoh
[ANTIBC] New message from 6657443649 in -1002896045673
[ANTIBC] Full text: Mantan kalian yakin polos..?? yakin gada koleksi nya yg tersebar..?? coba cek video nyaa di byohh aku, media terlengkap dan fresh
Citra Olla
[ANTIBC] HARD DETECT => byoh
[ANTIBC] Deleted => Hard Blacklist: byoh
[ANTIBC] Warning sent => Hard Blacklist: byoh
[ANTIBC] New message from 6397166062 in -1002896045673
[ANTIBC] Full text: pengen banget punya cowok yang hyper
Talitha Kanya
talithazxcasd
[ANTIBC] New message from 5502940990 in -1002430300514
[ANTIBC] Full text: dari pada capek cht,mending ke byoh aja karna yang kamu cari semua nya di byoh
Ani
anibatubaracjzv
[ANTIBC] HARD DETECT => byoh
[ANTIBC] Deleted => Hard Blacklist: byoh
[ANTIBC] New message from 6943054715 in -1002896045673
[ANTIBC] Full text: freh med1a bebas sve terbaru dbbyou
Anindya
Anindyavvip
[ANTIBC] HARD DETECT => vip
[ANTIBC] Deleted => Hard Blacklist: vip
[ANTIBC] Warning sent => Hard Blacklist: vip
[ANTIBC] Warning sent => Hard Blacklist: byoh
[ANTIBC] New message from 5834089816 in -1002101188966
[ANTIBC] Full text: kumaha damang
Cupita
[ANTIBC] New message from 6448268174 in -1002896045673
[ANTIBC] Full text: temaninn sinii ntar puasinn diiybyoh
Umayra Kinara
kinarazxdasd
[ANTIBC] HARD DETECT => byoh
[ANTIBC] Deleted => Hard Blacklist: byoh
[ANTIBC] Warning sent => Hard Blacklist: byoh
[ANTIBC] New message from 6326708073 in -1002208118831
[ANTIBC] Disabled
[ANTIBC] New message from 6756806486 in -1002208118831
[ANTIBC] Disabled
[ANTIBC] New message from 5210648022 in -1002430300514
[ANTIBC] Full text: ku bertemu di rumah baruumuu
Bulan
[ANTIBC] New message from 6738367500 in -1002430300514
[ANTIBC] Full text: kenala kalo mentok enak banget ya
Nayaaht
zryaht
[ANTIBC] New message from 6448490525 in -1002208118831
[ANTIBC] Disabled
[ANTIBC] New message from 5227155714 in -1002208118831
[ANTIBC] Disabled
[ANTIBC] New message from 6810020710 in -1002430300514
[ANTIBC] Full text: manaaa ya yang punya barang gede
Elina Angelique
elinezxcawq
[ANTIBC] HARD DETECT => gede
[ANTIBC] Deleted => Hard Blacklist: gede
[ANTIBC] Warning sent => Hard Blacklist: gede
[ANTIBC] New message from 6168292391 in -1002101188966
[ANTIBC] Full text: yug ganteng sini aku kokop hehe
Desi
[ANTIBC] HARD DETECT => siniii
[ANTIBC] Deleted => Hard Blacklist: siniii
[ANTIBC] Warning sent => Hard Blacklist: siniii
[ANTIBC] New message from 5746075710 in -1002208118831
[ANTIBC] New message from 5765419728 in -1002896045673
[ANTIBC] Disabled
[ANTIBC] Full text: kumaha damang
Malla
[ANTIBC] New message from 6691234936 in -1002101188966
[ANTIBC] Full text: masih kecil tapi udah jago loh om hehehe
Trisusan
[ANTIBC] New message from 5422786717 in -1002101188966
[ANTIBC] Full text: vell yang mana sih yang vral itu
Maya
[ANTIBC] New message from 6753109126 in -1002896045673
[ANTIBC] Full text: b0c1L l1ve omegg ddi byohh
Umayra Maulida
maulidazxczsdw
[ANTIBC] HARD DETECT => bo
[ANTIBC] Deleted => Hard Blacklist: bo
[ANTIBC] Warning sent => Hard Blacklist: bo
[ANTIBC] New message from 5817052199 in -1002208118831
[ANTIBC] Disabled
[ANTIBC] New message from 6011274905 in -1002896045673
[ANTIBC] Full text: ciri ciri cwok konbruut itu gmana sihh
Oktaviani Ayunda
oktavianixzdasd
[ANTIBC] HARD DETECT => yu
[ANTIBC] Deleted => Hard Blacklist: yu
[ANTIBC] Warning sent => Hard Blacklist: yu
[ANTIBC] New message from 8206374107 in -1002208118831
[ANTIBC] Disabled
[ANTIBC] New message from 8209644174 in -1002430300514
[ANTIBC] User is admin
[ANTIBC] New message from 6430473560 in -1002101188966
[ANTIBC] Full text: nd co royal
Enjelinaa
[ANTIBC] New message from 5935986184 in -1002430300514
[ANTIBC] Full text: ngapain lagi ya selain cakep
Bella
[ANTIBC] New message from 5018055078 in -1002101188966
[ANTIBC] Full text: Bosen nih 🤯
Anjani
anjanixyz
[ANTIBC] HARD DETECT => bo
[ANTIBC] Deleted => Hard Blacklist: bo
[ANTIBC] Warning sent => Hard Blacklist: bo
[ANTIBC] New message from 5451846473 in -1002101188966
[ANTIBC] Full text: sok oke banget sih
Selly
[ANTIBC] New message from 6334191023 in -1002101188966
[ANTIBC] Full text: mn yg lucu
Ayuni
Ayunixyza
[ANTIBC] HARD DETECT => mn yg
[ANTIBC] Deleted => Hard Blacklist: mn yg
[ANTIBC] Warning sent => Hard Blacklist: mn yg
[ANTIBC] New message from 6884547377 in -1002101188966
[ANTIBC] Full text: luk pf ak ada yang cakep
Nabila
amandaa
[ANTIBC] HARD DETECT => ada yang
[ANTIBC] Deleted => Hard Blacklist: ada yang
[ANTIBC] Warning sent => Hard Blacklist: ada yang
[ANTIBC] New message from 6064999881 in -1002430300514
[ANTIBC] Full text: kmu kmana aja sihh , ga ada kabar ginii
Prisca Kartika
kartikacxzasd
[ANTIBC] New message from 6789207512 in -1002101188966
[ANTIBC] Full text: Need Abang on
Yunita
Yunitaxyz4
[ANTIBC] HARD DETECT => need abang
[ANTIBC] Deleted => Hard Blacklist: need abang
[ANTIBC] Warning sent => Hard Blacklist: need abang
[ANTIBC] New message from 1482582751 in -1002430300514
[ANTIBC] Full text: tidur ege, begadangin cinta virtual gak bikin lu bahagia hehe
P҉αvҽƖƖ
maxwelnih
[ANTIBC] New message from 6528532532 in -1002430300514
[ANTIBC] Full text: udah ya nimb nya, ayug pc aku sayng
Vania Kinara
vanaixzcasdw
[ANTIBC] EXTRA DETECT => Extra Score 3
[ANTIBC] New message from 6720528796 in -1002430300514
[ANTIBC] Full text: hyy kk , pc yuug
Amanda
manopo
[ANTIBC] HARD DETECT => yu
[ANTIBC] New message from 6762159401 in -1002896045673
[ANTIBC] Full text: calll yuug kak, kngen nih virtual
Sarah Aulia
[ANTIBC] HARD DETECT => yu
[ANTIBC] Deleted => Extra Antispam Detection
[ANTIBC] Deleted => Hard Blacklist: yu
[ANTIBC] Warning sent => Hard Blacklist: yu